<?xml version="1.0" encoding="UTF-8"?>
<!-- Generated by org.testng.reporters.JUnitReportReporter -->
<testsuite skipped="0" hostname="MSI" name="com.tyeth.dockerseleniumtest.test.RouterTest" tests="1" failures="0" timestamp="09 Nov 2018 20:01:03 GMT" time="26.761" errors="0">
  <testcase name="googleTest" time="26.761" classname="com.tyeth.dockerseleniumtest.test.RouterTest"/>
</testsuite> <!-- com.tyeth.dockerseleniumtest.test.RouterTest -->
