<?xml version="1.0" encoding="UTF-8"?>
<!-- Generated by org.testng.reporters.JUnitReportReporter -->
<testsuite skipped="0" hostname="MSI" name="com.tyeth.dockerseleniumtest.test.SearchTest" tests="10" failures="0" timestamp="03 Nov 2018 20:28:33 GMT" time="16.610" errors="0">
  <testcase name="googleTest" time="1.428" classname="com.tyeth.dockerseleniumtest.test.SearchTest"/>
  <testcase name="googleTest" time="1.688" classname="com.tyeth.dockerseleniumtest.test.SearchTest"/>
  <testcase name="googleTest" time="1.316" classname="com.tyeth.dockerseleniumtest.test.SearchTest"/>
  <testcase name="googleTest" time="1.538" classname="com.tyeth.dockerseleniumtest.test.SearchTest"/>
  <testcase name="googleTest" time="1.647" classname="com.tyeth.dockerseleniumtest.test.SearchTest"/>
  <testcase name="googleTest" time="1.683" classname="com.tyeth.dockerseleniumtest.test.SearchTest"/>
  <testcase name="googleTest" time="1.454" classname="com.tyeth.dockerseleniumtest.test.SearchTest"/>
  <testcase name="googleTest" time="1.487" classname="com.tyeth.dockerseleniumtest.test.SearchTest"/>
  <testcase name="googleTest" time="2.535" classname="com.tyeth.dockerseleniumtest.test.SearchTest"/>
  <testcase name="googleTest" time="1.834" classname="com.tyeth.dockerseleniumtest.test.SearchTest"/>
</testsuite> <!-- com.tyeth.dockerseleniumtest.test.SearchTest -->
